<?xml version="1.0" encoding="UTF-8"?>
<testng-results ignored="0" total="1" passed="1" failed="0" skipped="0">
  <reporter-output>
  </reporter-output>
  <suite started-at="2025-07-01T18:00:27 IST" name="Default suite" finished-at="2025-07-01T18:00:29 IST" duration-ms="1945">
    <groups>
    </groups>
    <test started-at="2025-07-01T18:00:27 IST" name="Default test" finished-at="2025-07-01T18:00:29 IST" duration-ms="1945">
      <class name="testNgAssert.VerifyFieldsName">
        <test-method is-config="true" signature="beforeSuite()[pri:0, instance:testNgAssert.VerifyFieldsName@55141def]" started-at="2025-07-01T18:00:25 IST" name="beforeSuite" finished-at="2025-07-01T18:00:27 IST" duration-ms="2031" status="PASS">
          <reporter-output>
          </reporter-output>
        </test-method> <!-- beforeSuite -->
        <test-method is-config="true" signature="beforeTest()[pri:0, instance:testNgAssert.VerifyFieldsName@55141def]" started-at="2025-07-01T18:00:27 IST" name="beforeTest" finished-at="2025-07-01T18:00:29 IST" duration-ms="1742" status="PASS">
          <reporter-output>
          </reporter-output>
        </test-method> <!-- beforeTest -->
        <test-method is-config="true" signature="beforeClass()[pri:0, instance:testNgAssert.VerifyFieldsName@55141def]" started-at="2025-07-01T18:00:29 IST" name="beforeClass" finished-at="2025-07-01T18:00:29 IST" duration-ms="55" status="PASS">
          <reporter-output>
          </reporter-output>
        </test-method> <!-- beforeClass -->
        <test-method is-config="true" signature="beforeMethod()[pri:0, instance:testNgAssert.VerifyFieldsName@55141def]" started-at="2025-07-01T18:00:29 IST" name="beforeMethod" finished-at="2025-07-01T18:00:29 IST" duration-ms="19" status="PASS">
          <reporter-output>
          </reporter-output>
        </test-method> <!-- beforeMethod -->
        <test-method signature="f()[pri:0, instance:testNgAssert.VerifyFieldsName@55141def]" started-at="2025-07-01T18:00:29 IST" name="f" finished-at="2025-07-01T18:00:29 IST" duration-ms="49" status="PASS">
          <reporter-output>
          </reporter-output>
        </test-method> <!-- f -->
        <test-method is-config="true" signature="afterMethod()[pri:0, instance:testNgAssert.VerifyFieldsName@55141def]" started-at="2025-07-01T18:00:29 IST" name="afterMethod" finished-at="2025-07-01T18:00:29 IST" duration-ms="1" status="PASS">
          <reporter-output>
          </reporter-output>
        </test-method> <!-- afterMethod -->
        <test-method is-config="true" signature="afterClass()[pri:0, instance:testNgAssert.VerifyFieldsName@55141def]" started-at="2025-07-01T18:00:29 IST" name="afterClass" finished-at="2025-07-01T18:00:29 IST" duration-ms="1" status="PASS">
          <reporter-output>
          </reporter-output>
        </test-method> <!-- afterClass -->
        <test-method is-config="true" signature="afterTest()[pri:0, instance:testNgAssert.VerifyFieldsName@55141def]" started-at="2025-07-01T18:00:29 IST" name="afterTest" finished-at="2025-07-01T18:00:29 IST" duration-ms="1" status="PASS">
          <reporter-output>
          </reporter-output>
        </test-method> <!-- afterTest -->
        <test-method is-config="true" signature="afterSuite()[pri:0, instance:testNgAssert.VerifyFieldsName@55141def]" started-at="2025-07-01T18:00:29 IST" name="afterSuite" finished-at="2025-07-01T18:00:29 IST" duration-ms="0" status="PASS">
          <reporter-output>
          </reporter-output>
        </test-method> <!-- afterSuite -->
      </class> <!-- testNgAssert.VerifyFieldsName -->
    </test> <!-- Default test -->
  </suite> <!-- Default suite -->
</testng-results>
