<?xml version="1.0" encoding="UTF-8"?>
<testng-results ignored="0" total="2" passed="2" failed="0" skipped="0">
  <reporter-output>
  </reporter-output>
  <suite started-at="2025-07-11T16:27:01 IST" name="Suite" finished-at="2025-07-11T16:27:09 IST" duration-ms="8749">
    <groups>
    </groups>
    <test started-at="2025-07-11T16:27:01 IST" name="Test" finished-at="2025-07-11T16:27:09 IST" duration-ms="8749">
      <class name="com.demowebshop.test.DemoWebshopTest">
        <test-method is-config="true" signature="beforeSuite()[pri:0, instance:com.demowebshop.test.DemoWebshopTest@2362f559]" started-at="2025-07-11T16:26:58 IST" name="beforeSuite" finished-at="2025-07-11T16:27:01 IST" duration-ms="2338" status="PASS">
          <reporter-output>
          </reporter-output>
        </test-method> <!-- beforeSuite -->
        <test-method is-config="true" signature="beforeTest()[pri:0, instance:com.demowebshop.test.DemoWebshopTest@2362f559]" started-at="2025-07-11T16:27:01 IST" name="beforeTest" finished-at="2025-07-11T16:27:04 IST" duration-ms="3051" status="PASS">
          <reporter-output>
          </reporter-output>
        </test-method> <!-- beforeTest -->
        <test-method is-config="true" signature="beforeClass()[pri:0, instance:com.demowebshop.test.DemoWebshopTest@2362f559]" started-at="2025-07-11T16:27:04 IST" name="beforeClass" finished-at="2025-07-11T16:27:04 IST" duration-ms="244" status="PASS">
          <reporter-output>
          </reporter-output>
        </test-method> <!-- beforeClass -->
        <test-method is-config="true" signature="beforeMethod()[pri:0, instance:com.demowebshop.test.DemoWebshopTest@2362f559]" started-at="2025-07-11T16:27:04 IST" name="beforeMethod" finished-at="2025-07-11T16:27:04 IST" duration-ms="38" status="PASS">
          <reporter-output>
          </reporter-output>
        </test-method> <!-- beforeMethod -->
        <test-method signature="f(java.lang.String,java.lang.String,java.lang.String,java.lang.String,java.lang.String)[pri:1, instance:com.demowebshop.test.DemoWebshopTest@2362f559]" started-at="2025-07-11T16:27:04 IST" name="f" finished-at="2025-07-11T16:27:07 IST" duration-ms="3308" status="PASS">
          <params>
            <param index="0">
              <value>
                <![CDATA[Gauri]]>
              </value>
            </param>
            <param index="1">
              <value>
                <![CDATA[Bonde]]>
              </value>
            </param>
            <param index="2">
              <value>
                <![CDATA[gauri3@gmail.com]]>
              </value>
            </param>
            <param index="3">
              <value>
                <![CDATA[gauri#123]]>
              </value>
            </param>
            <param index="4">
              <value>
                <![CDATA[gauri#123]]>
              </value>
            </param>
          </params>
          <reporter-output>
          </reporter-output>
        </test-method> <!-- f -->
        <test-method is-config="true" signature="afterMethod()[pri:0, instance:com.demowebshop.test.DemoWebshopTest@2362f559]" started-at="2025-07-11T16:27:07 IST" name="afterMethod" finished-at="2025-07-11T16:27:07 IST" duration-ms="1" status="PASS">
          <reporter-output>
          </reporter-output>
        </test-method> <!-- afterMethod -->
        <test-method is-config="true" signature="beforeMethod()[pri:0, instance:com.demowebshop.test.DemoWebshopTest@2362f559]" started-at="2025-07-11T16:27:07 IST" name="beforeMethod" finished-at="2025-07-11T16:27:07 IST" duration-ms="30" status="PASS">
          <reporter-output>
          </reporter-output>
        </test-method> <!-- beforeMethod -->
        <test-method signature="loginPg(java.lang.String,java.lang.String)[pri:2, instance:com.demowebshop.test.DemoWebshopTest@2362f559]" started-at="2025-07-11T16:27:07 IST" name="loginPg" data-provider="getData" finished-at="2025-07-11T16:27:09 IST" duration-ms="1929" status="PASS">
          <params>
            <param index="0">
              <value>
                <![CDATA[gauri@gamil.com]]>
              </value>
            </param>
            <param index="1">
              <value>
                <![CDATA[gauri@1234]]>
              </value>
            </param>
          </params>
          <reporter-output>
          </reporter-output>
        </test-method> <!-- loginPg -->
        <test-method is-config="true" signature="afterMethod()[pri:0, instance:com.demowebshop.test.DemoWebshopTest@2362f559]" started-at="2025-07-11T16:27:09 IST" name="afterMethod" finished-at="2025-07-11T16:27:09 IST" duration-ms="0" status="PASS">
          <reporter-output>
          </reporter-output>
        </test-method> <!-- afterMethod -->
        <test-method is-config="true" signature="afterClass()[pri:0, instance:com.demowebshop.test.DemoWebshopTest@2362f559]" started-at="2025-07-11T16:27:09 IST" name="afterClass" finished-at="2025-07-11T16:27:09 IST" duration-ms="0" status="PASS">
          <reporter-output>
          </reporter-output>
        </test-method> <!-- afterClass -->
        <test-method is-config="true" signature="afterTest()[pri:0, instance:com.demowebshop.test.DemoWebshopTest@2362f559]" started-at="2025-07-11T16:27:09 IST" name="afterTest" finished-at="2025-07-11T16:27:09 IST" duration-ms="0" status="PASS">
          <reporter-output>
          </reporter-output>
        </test-method> <!-- afterTest -->
        <test-method is-config="true" signature="afterSuite()[pri:0, instance:com.demowebshop.test.DemoWebshopTest@2362f559]" started-at="2025-07-11T16:27:09 IST" name="afterSuite" finished-at="2025-07-11T16:27:09 IST" duration-ms="1" status="PASS">
          <reporter-output>
          </reporter-output>
        </test-method> <!-- afterSuite -->
      </class> <!-- com.demowebshop.test.DemoWebshopTest -->
    </test> <!-- Test -->
  </suite> <!-- Suite -->
</testng-results>
